<?xml version="1.0" encoding="UTF-8"?>
<testsuite name="com.example.buy_buddy_backend.service.OrderServiceTest" tests="1" skipped="0" failures="0" errors="0" timestamp="2025-07-12T09:14:15" hostname="SHUBH" time="0.148">
  <properties/>
  <testcase name="checkResponseForGetOrderById()" classname="com.example.buy_buddy_backend.service.OrderServiceTest" time="0.148"/>
  <system-out><![CDATA[
  .   ____          _            __ _ _
 /\\ / ___'_ __ _ _(_)_ __  __ _ \ \ \ \
( ( )\___ | '_ | '_| | '_ \/ _` | \ \ \ \
 \\/  ___)| |_)| | | | | || (_| |  ) ) ) )
  '  |____| .__|_| |_|_| |_\__, | / / / /
 =========|_|==============|___/=/_/_/_/

 :: Spring Boot ::                (v3.3.3)

2025-07-12T14:44:02.612+05:30  INFO 22568 --- [buy-buddy-backend] [    Test worker] c.e.b.service.OrderServiceTest           : Starting OrderServiceTest using Java 21.0.7 with PID 22568 (started by shubh in C:\Shubham Namdev\crio\git\java_projects\Order-Management-Online-Grocery)
2025-07-12T14:44:02.617+05:30  INFO 22568 --- [buy-buddy-backend] [    Test worker] c.e.b.service.OrderServiceTest           : The following 1 profile is active: "test"
2025-07-12T14:44:04.526+05:30  INFO 22568 --- [buy-buddy-backend] [    Test worker] .s.d.r.c.RepositoryConfigurationDelegate : Bootstrapping Spring Data JPA repositories in DEFAULT mode.
2025-07-12T14:44:04.702+05:30  INFO 22568 --- [buy-buddy-backend] [    Test worker] .s.d.r.c.RepositoryConfigurationDelegate : Finished Spring Data repository scanning in 148 ms. Found 3 JPA repository interfaces.
2025-07-12T14:44:08.343+05:30  INFO 22568 --- [buy-buddy-backend] [    Test worker] o.hibernate.jpa.internal.util.LogHelper  : HHH000204: Processing PersistenceUnitInfo [name: default]
2025-07-12T14:44:08.589+05:30  INFO 22568 --- [buy-buddy-backend] [    Test worker] org.hibernate.Version                    : HHH000412: Hibernate ORM core version 6.5.2.Final
2025-07-12T14:44:08.731+05:30  INFO 22568 --- [buy-buddy-backend] [    Test worker] o.h.c.internal.RegionFactoryInitiator    : HHH000026: Second-level cache disabled
2025-07-12T14:44:09.178+05:30  INFO 22568 --- [buy-buddy-backend] [    Test worker] o.s.o.j.p.SpringPersistenceUnitInfo      : No LoadTimeWeaver setup: ignoring JPA class transformer
2025-07-12T14:44:09.272+05:30  INFO 22568 --- [buy-buddy-backend] [    Test worker] com.zaxxer.hikari.HikariDataSource       : HikariPool-1 - Starting...
2025-07-12T14:44:10.311+05:30  INFO 22568 --- [buy-buddy-backend] [    Test worker] com.zaxxer.hikari.pool.HikariPool        : HikariPool-1 - Added connection com.mysql.cj.jdbc.ConnectionImpl@57df09a7
2025-07-12T14:44:10.316+05:30  INFO 22568 --- [buy-buddy-backend] [    Test worker] com.zaxxer.hikari.HikariDataSource       : HikariPool-1 - Start completed.
2025-07-12T14:44:12.257+05:30  INFO 22568 --- [buy-buddy-backend] [    Test worker] o.h.m.i.EntityInstantiatorPojoStandard   : HHH000182: No default (no-argument) constructor for class: com.example.buy_buddy_backend.model.Customer (class must be instantiated by Interceptor)
2025-07-12T14:44:12.378+05:30  INFO 22568 --- [buy-buddy-backend] [    Test worker] o.h.m.i.EntityInstantiatorPojoStandard   : HHH000182: No default (no-argument) constructor for class: com.example.buy_buddy_backend.model.Product (class must be instantiated by Interceptor)
2025-07-12T14:44:12.824+05:30  INFO 22568 --- [buy-buddy-backend] [    Test worker] o.h.e.t.j.p.i.JtaPlatformInitiator       : HHH000489: No JTA platform available (set 'hibernate.transaction.jta.platform' to enable JTA platform integration)
2025-07-12T14:44:13.013+05:30  INFO 22568 --- [buy-buddy-backend] [    Test worker] j.LocalContainerEntityManagerFactoryBean : Initialized JPA EntityManagerFactory for persistence unit 'default'
2025-07-12T14:44:14.259+05:30  WARN 22568 --- [buy-buddy-backend] [    Test worker] JpaBaseConfiguration$JpaWebConfiguration : spring.jpa.open-in-view is enabled by default. Therefore, database queries may be performed during view rendering. Explicitly configure spring.jpa.open-in-view to disable this warning
2025-07-12T14:44:15.284+05:30  INFO 22568 --- [buy-buddy-backend] [    Test worker] c.e.b.service.OrderServiceTest           : Started OrderServiceTest in 13.431 seconds (process running for 16.248)
2025-07-12T14:44:15.537+05:30  INFO 22568 --- [buy-buddy-backend] [    Test worker] j.LocalContainerEntityManagerFactoryBean : Closing JPA EntityManagerFactory for persistence unit 'default'
2025-07-12T14:44:15.542+05:30  INFO 22568 --- [buy-buddy-backend] [    Test worker] com.zaxxer.hikari.HikariDataSource       : HikariPool-1 - Shutdown initiated...
2025-07-12T14:44:15.561+05:30  INFO 22568 --- [buy-buddy-backend] [    Test worker] com.zaxxer.hikari.HikariDataSource       : HikariPool-1 - Shutdown completed.
]]></system-out>
  <system-err><![CDATA[WARNING: A Java agent has been loaded dynamically (C:\Users\shubh\.gradle\caches\modules-2\files-2.1\net.bytebuddy\byte-buddy-agent\1.14.19\154da3a65b4f4a909d3e5bdec55d1b2b4cbb6ce1\byte-buddy-agent-1.14.19.jar)
WARNING: If a serviceability tool is in use, please run with -XX:+EnableDynamicAgentLoading to hide this warning
WARNING: If a serviceability tool is not in use, please run with -Djdk.instrument.traceUsage for more information
WARNING: Dynamic loading of agents will be disallowed by default in a future release
]]></system-err>
</testsuite>
